2020-10-08T22:56:14.147864+00:00 app[api]: Initial release by user mylenatakada@gmail.com
2020-10-08T22:56:14.147864+00:00 app[api]: Release v1 created by user mylenatakada@gmail.com
2020-10-08T22:56:14.388695+00:00 app[api]: Enable Logplex by user mylenatakada@gmail.com
2020-10-08T22:56:14.388695+00:00 app[api]: Release v2 created by user mylenatakada@gmail.com
2020-10-09T00:14:25.000000+00:00 app[api]: Build started by user mylenatakada@gmail.com
2020-10-09T00:14:51.342626+00:00 app[api]: Release v3 created by user mylenatakada@gmail.com
2020-10-09T00:14:51.342626+00:00 app[api]: Deploy 9db23dfe by user mylenatakada@gmail.com
2020-10-09T00:14:51.360843+00:00 app[api]: Scaled to web@1:Free by user mylenatakada@gmail.com
2020-10-09T00:14:54.541381+00:00 heroku[web.1]: Starting process with command `python msg.py`
2020-10-09T00:14:57.328516+00:00 app[web.1]: * Serving Flask app "msg" (lazy loading)
2020-10-09T00:14:57.328547+00:00 app[web.1]: * Environment: production
2020-10-09T00:14:57.328612+00:00 app[web.1]: WARNING: Do not use the development server in a production environment.
2020-10-09T00:14:57.328671+00:00 app[web.1]: Use a production WSGI server instead.
2020-10-09T00:14:57.328723+00:00 app[web.1]: * Debug mode: off
2020-10-09T00:14:57.341670+00:00 app[web.1]: * Running on http://0.0.0.0:54007/ (Press CTRL+C to quit)
2020-10-09T00:14:58.003264+00:00 heroku[web.1]: State changed from starting to up
2020-10-09T00:14:59.000000+00:00 app[api]: Build succeeded
2020-10-09T00:48:39.584523+00:00 heroku[web.1]: Idling
2020-10-09T00:48:39.586948+00:00 heroku[web.1]: State changed from up to down
2020-10-09T00:48:43.034538+00:00 heroku[web.1]: Stopping all processes with SIGTERM
2020-10-09T00:48:43.149077+00:00 heroku[web.1]: Process exited with status 143
2020-10-09T01:51:23.132315+00:00 heroku[web.1]: Unidling
2020-10-09T01:51:23.134480+00:00 heroku[web.1]: State changed from down to starting
2020-10-09T01:51:26.610909+00:00 heroku[web.1]: Starting process with command `python msg.py`
2020-10-09T01:51:29.271701+00:00 app[web.1]: * Serving Flask app "msg" (lazy loading)
2020-10-09T01:51:29.271735+00:00 app[web.1]: * Environment: production
2020-10-09T01:51:29.271806+00:00 app[web.1]: WARNING: Do not use the development server in a production environment.
2020-10-09T01:51:29.271884+00:00 app[web.1]: Use a production WSGI server instead.
2020-10-09T01:51:29.271943+00:00 app[web.1]: * Debug mode: off
2020-10-09T01:51:29.284670+00:00 app[web.1]: * Running on http://0.0.0.0:34083/ (Press CTRL+C to quit)
2020-10-09T01:51:30.871524+00:00 heroku[web.1]: State changed from starting to up
2020-10-09T01:51:32.184771+00:00 app[web.1]: 10.33.189.18 - - [09/Oct/2020 01:51:32] "GET / HTTP/1.1" 200 -
2020-10-09T01:51:32.190111+00:00 heroku[router]: at=info method=GET path="/" host=evening-anchorage-05563.herokuapp.com request_id=ac14a88b-5078-458c-a47b-ab0ab771c4c5 fwd="45.175.35.46" dyno=web.1 connect=1ms service=3ms status=200 bytes=188 protocol=https
2020-10-09T01:51:32.841843+00:00 app[web.1]: 10.33.189.18 - - [09/Oct/2020 01:51:32] "GET /favicon.ico HTTP/1.1" 404 -
2020-10-09T01:51:32.844198+00:00 heroku[router]: at=info method=GET path="/favicon.ico" host=evening-anchorage-05563.herokuapp.com request_id=808f45dc-510c-41e2-bb4d-e31c9b8666e3 fwd="45.175.35.46" dyno=web.1 connect=0ms service=12ms status=404 bytes=380 protocol=https
2020-10-09T02:24:38.163247+00:00 heroku[web.1]: Idling
2020-10-09T02:24:38.165792+00:00 heroku[web.1]: State changed from up to down
2020-10-09T02:24:38.919866+00:00 heroku[web.1]: Stopping all processes with SIGTERM
2020-10-09T02:24:38.995334+00:00 heroku[web.1]: Process exited with status 143
